<?xml version="1.0" encoding="UTF-8"?>
<coverage generated="1653989248772" clover="3.2.0">
  <project timestamp="1653989248772" name="All files">
    <metrics statements="20" coveredstatements="8" conditionals="4" coveredconditionals="2" methods="7" coveredmethods="2" elements="31" coveredelements="12" complexity="0" loc="20" ncloc="20" packages="4" files="7" classes="7"/>
    <package name="src">
      <metrics statements="3" coveredstatements="0" conditionals="0" coveredconditionals="0" methods="1" coveredmethods="0"/>
      <file name="App.vue" path="/Users/dominique/dev/Chefkoch/to-do-list/src/App.vue">
        <metrics statements="2" coveredstatements="0" conditionals="0" coveredconditionals="0" methods="1" coveredmethods="0"/>
        <line num="6" count="0" type="stmt"/>
        <line num="11" count="0" type="stmt"/>
      </file>
      <file name="main.js" path="/Users/dominique/dev/Chefkoch/to-do-list/src/main.js">
        <metrics statements="1" coveredstatements="0" conditionals="0" coveredconditionals="0" methods="0" coveredmethods="0"/>
        <line num="5" count="0" type="stmt"/>
      </file>
    </package>
    <package name="src.components">
      <metrics statements="7" coveredstatements="3" conditionals="2" coveredconditionals="0" methods="3" coveredmethods="1"/>
      <file name="Button.vue" path="/Users/dominique/dev/Chefkoch/to-do-list/src/components/Button.vue">
        <metrics statements="2" coveredstatements="2" conditionals="0" coveredconditionals="0" methods="1" coveredmethods="1"/>
        <line num="7" count="2" type="stmt"/>
        <line num="14" count="6" type="stmt"/>
      </file>
      <file name="Input.vue" path="/Users/dominique/dev/Chefkoch/to-do-list/src/components/Input.vue">
        <metrics statements="2" coveredstatements="0" conditionals="0" coveredconditionals="0" methods="1" coveredmethods="0"/>
        <line num="15" count="0" type="stmt"/>
        <line num="22" count="0" type="stmt"/>
      </file>
      <file name="Tile.vue" path="/Users/dominique/dev/Chefkoch/to-do-list/src/components/Tile.vue">
        <metrics statements="3" coveredstatements="1" conditionals="2" coveredconditionals="0" methods="1" coveredmethods="0"/>
        <line num="14" count="2" type="stmt"/>
        <line num="24" count="0" type="stmt"/>
        <line num="25" count="0" type="cond" truecount="0" falsecount="2"/>
      </file>
    </package>
    <package name="src.router">
      <metrics statements="2" coveredstatements="0" conditionals="0" coveredconditionals="0" methods="0" coveredmethods="0"/>
      <file name="index.js" path="/Users/dominique/dev/Chefkoch/to-do-list/src/router/index.js">
        <metrics statements="2" coveredstatements="0" conditionals="0" coveredconditionals="0" methods="0" coveredmethods="0"/>
        <line num="4" count="0" type="stmt"/>
        <line num="12" count="0" type="stmt"/>
      </file>
    </package>
    <package name="src.services">
      <metrics statements="8" coveredstatements="5" conditionals="2" coveredconditionals="2" methods="3" coveredmethods="1"/>
      <file name="taskServices.js" path="/Users/dominique/dev/Chefkoch/to-do-list/src/services/taskServices.js">
        <metrics statements="8" coveredstatements="5" conditionals="2" coveredconditionals="2" methods="3" coveredmethods="1"/>
        <line num="1" count="1" type="stmt"/>
        <line num="2" count="2" type="cond" truecount="2" falsecount="0"/>
        <line num="3" count="2" type="stmt"/>
        <line num="6" count="1" type="stmt"/>
        <line num="7" count="0" type="stmt"/>
        <line num="8" count="0" type="stmt"/>
        <line num="11" count="1" type="stmt"/>
        <line num="12" count="0" type="stmt"/>
      </file>
    </package>
  </project>
</coverage>
