{"/Users/dominique/dev/Chefkoch/to-do-list/src/App.vue": {"path":"/Users/dominique/dev/Chefkoch/to-do-list/src/App.vue","statementMap":{"0":{"start":{"line":6,"column":15},"end":{"line":6,"column":null}},"1":{"start":{"line":11,"column":4},"end":{"line":11,"column":9}}},"fnMap":{"0":{"name":"(anonymous_0)","decl":{"start":{"line":10,"column":2},"end":{"line":10,"column":9}},"loc":{"start":{"line":10,"column":12},"end":{"line":12,"column":null}}}},"branchMap":{},"s":{"0":0,"1":0},"f":{"0":0},"b":{}}
,"/Users/dominique/dev/Chefkoch/to-do-list/src/main.js": {"path":"/Users/dominique/dev/Chefkoch/to-do-list/src/main.js","statementMap":{"0":{"start":{"line":5,"column":0},"end":{"line":5,"column":40}}},"fnMap":{},"branchMap":{},"s":{"0":0},"f":{},"b":{}}
,"/Users/dominique/dev/Chefkoch/to-do-list/src/components/Button.vue": {"path":"/Users/dominique/dev/Chefkoch/to-do-list/src/components/Button.vue","statementMap":{"0":{"start":{"line":7,"column":15},"end":{"line":7,"column":null}},"1":{"start":{"line":14,"column":12},"end":{"line":14,"column":19}}},"fnMap":{"0":{"name":"(anonymous_0)","decl":{"start":{"line":13,"column":8},"end":{"line":13,"column":17}},"loc":{"start":{"line":13,"column":25},"end":{"line":15,"column":null}}}},"branchMap":{},"s":{"0":2,"1":6},"f":{"0":6},"b":{}}
,"/Users/dominique/dev/Chefkoch/to-do-list/src/components/Input.vue": {"path":"/Users/dominique/dev/Chefkoch/to-do-list/src/components/Input.vue","statementMap":{"0":{"start":{"line":15,"column":15},"end":{"line":15,"column":null}},"1":{"start":{"line":22,"column":12},"end":{"line":22,"column":19}}},"fnMap":{"0":{"name":"(anonymous_0)","decl":{"start":{"line":21,"column":8},"end":{"line":21,"column":17}},"loc":{"start":{"line":21,"column":25},"end":{"line":23,"column":null}}}},"branchMap":{},"s":{"0":0,"1":0},"f":{"0":0},"b":{}}
,"/Users/dominique/dev/Chefkoch/to-do-list/src/components/Tile.vue": {"path":"/Users/dominique/dev/Chefkoch/to-do-list/src/components/Tile.vue","statementMap":{"0":{"start":{"line":14,"column":15},"end":{"line":14,"column":null}},"1":{"start":{"line":24,"column":24},"end":{"line":24,"column":32}},"2":{"start":{"line":25,"column":8},"end":{"line":25,"column":15}}},"fnMap":{"0":{"name":"(anonymous_0)","decl":{"start":{"line":23,"column":6},"end":{"line":23,"column":17}},"loc":{"start":{"line":23,"column":20},"end":{"line":26,"column":null}}}},"branchMap":{"0":{"loc":{"start":{"line":25,"column":15},"end":{"line":25,"column":null}},"type":"cond-expr","locations":[{"start":{"line":25,"column":28},"end":{"line":25,"column":41}},{"start":{"line":25,"column":41},"end":{"line":25,"column":null}}]}},"s":{"0":2,"1":0,"2":0},"f":{"0":0},"b":{"0":[0,0]}}
,"/Users/dominique/dev/Chefkoch/to-do-list/src/router/index.js": {"path":"/Users/dominique/dev/Chefkoch/to-do-list/src/router/index.js","statementMap":{"0":{"start":{"line":4,"column":15},"end":{"line":10,"column":1}},"1":{"start":{"line":12,"column":15},"end":{"line":15,"column":2}}},"fnMap":{},"branchMap":{},"s":{"0":0,"1":0},"f":{},"b":{}}
,"/Users/dominique/dev/Chefkoch/to-do-list/src/services/taskServices.js": {"path":"/Users/dominique/dev/Chefkoch/to-do-list/src/services/taskServices.js","statementMap":{"0":{"start":{"line":1,"column":27},"end":{"line":4,"column":1}},"1":{"start":{"line":2,"column":21},"end":{"line":2,"column":71}},"2":{"start":{"line":3,"column":4},"end":{"line":3,"column":19}},"3":{"start":{"line":6,"column":28},"end":{"line":9,"column":1}},"4":{"start":{"line":7,"column":24},"end":{"line":7,"column":47}},"5":{"start":{"line":8,"column":4},"end":{"line":8,"column":50}},"6":{"start":{"line":11,"column":27},"end":{"line":13,"column":1}},"7":{"start":{"line":12,"column":4},"end":{"line":12,"column":33}}},"fnMap":{"0":{"name":"(anonymous_0)","decl":{"start":{"line":1,"column":27},"end":{"line":1,"column":28}},"loc":{"start":{"line":1,"column":33},"end":{"line":4,"column":1}},"line":1},"1":{"name":"(anonymous_1)","decl":{"start":{"line":6,"column":28},"end":{"line":6,"column":29}},"loc":{"start":{"line":6,"column":39},"end":{"line":9,"column":1}},"line":6},"2":{"name":"(anonymous_2)","decl":{"start":{"line":11,"column":27},"end":{"line":11,"column":28}},"loc":{"start":{"line":11,"column":51},"end":{"line":13,"column":1}},"line":11}},"branchMap":{"0":{"loc":{"start":{"line":2,"column":21},"end":{"line":2,"column":71}},"type":"binary-expr","locations":[{"start":{"line":2,"column":21},"end":{"line":2,"column":65}},{"start":{"line":2,"column":69},"end":{"line":2,"column":71}}],"line":2}},"s":{"0":1,"1":2,"2":2,"3":1,"4":0,"5":0,"6":1,"7":0},"f":{"0":2,"1":0,"2":0},"b":{"0":[2,2]},"_coverageSchema":"1a1c01bbd47fc00a2c39e90264f33305004495a9","hash":"299c7bb6fd7a0c0b863e6b44c916e43262a68cf3"}
}
